[19:50:35] [ServerMain/INFO]: Environment: Environment[sessionHost=https://sessionserver.mojang.com, servicesHost=https://api.minecraftservices.com, name=PROD]
[19:50:37] [ServerMain/INFO]: Loaded 7 recipes
[19:50:37] [Server thread/INFO]: Starting minecraft server version 1.20.4
[19:50:37] [Server thread/INFO]: Loading properties
[19:50:37] [Server thread/INFO]: This server is running CraftBukkit version 4054-Spigot-e9ec548-619936d (MC: 1.20.4) (Implementing API version 1.20.4-R0.1-SNAPSHOT)
[19:50:38] [Server thread/INFO]: Debug logging is disabled
[19:50:38] [Server thread/INFO]: Server Ping Player Sample Count: 12
[19:50:38] [Server thread/INFO]: Using 4 threads for Netty based IO
[19:50:38] [Server thread/INFO]: Default game type: SURVIVAL
[19:50:38] [Server thread/INFO]: Generating keypair
[19:50:38] [Server thread/INFO]: Starting Minecraft server on *:25566
[19:50:38] [Server thread/INFO]: Using default channel type
[19:50:38] [Server thread/INFO]: Preparing level "world"
[19:50:38] [Server thread/INFO]: -------- World Settings For [world] --------
[19:50:38] [Server thread/INFO]: Item Despawn Rate: 6000
[19:50:38] [Server thread/INFO]: Item Merge Radius: 2.5
[19:50:38] [Server thread/INFO]: View Distance: 16
[19:50:38] [Server thread/INFO]: Simulation Distance: 10
[19:50:38] [Server thread/INFO]: Allow Zombie Pigmen to spawn from portal blocks: true
[19:50:38] [Server thread/INFO]: Experience Merge Radius: 3.0
[19:50:38] [Server thread/INFO]: Mob Spawn Range: 6
[19:50:38] [Server thread/INFO]: Cactus Growth Modifier: 100%
[19:50:38] [Server thread/INFO]: Cane Growth Modifier: 100%
[19:50:38] [Server thread/INFO]: Melon Growth Modifier: 100%
[19:50:38] [Server thread/INFO]: Mushroom Growth Modifier: 100%
[19:50:38] [Server thread/INFO]: Pumpkin Growth Modifier: 100%
[19:50:38] [Server thread/INFO]: Sapling Growth Modifier: 100%
[19:50:38] [Server thread/INFO]: Beetroot Growth Modifier: 100%
[19:50:38] [Server thread/INFO]: Carrot Growth Modifier: 100%
[19:50:38] [Server thread/INFO]: Potato Growth Modifier: 100%
[19:50:38] [Server thread/INFO]: Wheat Growth Modifier: 100%
[19:50:38] [Server thread/INFO]: NetherWart Growth Modifier: 100%
[19:50:38] [Server thread/INFO]: Vine Growth Modifier: 100%
[19:50:38] [Server thread/INFO]: Cocoa Growth Modifier: 100%
[19:50:38] [Server thread/INFO]: Bamboo Growth Modifier: 100%
[19:50:38] [Server thread/INFO]: SweetBerry Growth Modifier: 100%
[19:50:38] [Server thread/INFO]: Kelp Growth Modifier: 100%
[19:50:38] [Server thread/INFO]: TwistingVines Growth Modifier: 100%
[19:50:38] [Server thread/INFO]: WeepingVines Growth Modifier: 100%
[19:50:38] [Server thread/INFO]: CaveVines Growth Modifier: 100%
[19:50:38] [Server thread/INFO]: Entity Activation Range: An 32 / Mo 32 / Ra 48 / Mi 16 / Tiv true / Isa false
[19:50:38] [Server thread/INFO]: Entity Tracking Range: Pl 48 / An 48 / Mo 48 / Mi 32 / Di 128 / Other 64
[19:50:38] [Server thread/INFO]: Hopper Transfer: 8 Hopper Check: 1 Hopper Amount: 1 Hopper Can Load Chunks: false
[19:50:38] [Server thread/INFO]: Custom Map Seeds:  Village: 10387312 Desert: 14357617 Igloo: 14357618 Jungle: 14357619 Swamp: 14357620 Monument: 10387313 Ocean: 14357621 Shipwreck: 165745295 End City: 10387313 Slime: 987234911 Nether: 30084232 Mansion: 10387319 Fossil: 14357921 Portal: 34222645
[19:50:38] [Server thread/INFO]: Tile Max Tick Time: 50ms Entity max Tick Time: 50ms
[19:50:38] [Server thread/INFO]: Max TNT Explosions: 100
[19:50:38] [Server thread/INFO]: Zombie Aggressive Towards Villager: true
[19:50:38] [Server thread/INFO]: Arrow Despawn Rate: 1200 Trident Respawn Rate:1200
[19:50:38] [Server thread/INFO]: Nerfing mobs spawned from spawners: false
[19:50:38] [Server thread/INFO]: -------- World Settings For [world_nether] --------
[19:50:38] [Server thread/INFO]: Item Despawn Rate: 6000
[19:50:38] [Server thread/INFO]: Item Merge Radius: 2.5
[19:50:38] [Server thread/INFO]: View Distance: 16
[19:50:38] [Server thread/INFO]: Simulation Distance: 10
[19:50:38] [Server thread/INFO]: Allow Zombie Pigmen to spawn from portal blocks: true
[19:50:38] [Server thread/INFO]: Experience Merge Radius: 3.0
[19:50:38] [Server thread/INFO]: Mob Spawn Range: 6
[19:50:38] [Server thread/INFO]: Cactus Growth Modifier: 100%
[19:50:38] [Server thread/INFO]: Cane Growth Modifier: 100%
[19:50:38] [Server thread/INFO]: Melon Growth Modifier: 100%
[19:50:38] [Server thread/INFO]: Mushroom Growth Modifier: 100%
[19:50:38] [Server thread/INFO]: Pumpkin Growth Modifier: 100%
[19:50:38] [Server thread/INFO]: Sapling Growth Modifier: 100%
[19:50:38] [Server thread/INFO]: Beetroot Growth Modifier: 100%
[19:50:38] [Server thread/INFO]: Carrot Growth Modifier: 100%
[19:50:38] [Server thread/INFO]: Potato Growth Modifier: 100%
[19:50:38] [Server thread/INFO]: Wheat Growth Modifier: 100%
[19:50:38] [Server thread/INFO]: NetherWart Growth Modifier: 100%
[19:50:38] [Server thread/INFO]: Vine Growth Modifier: 100%
[19:50:38] [Server thread/INFO]: Cocoa Growth Modifier: 100%
[19:50:38] [Server thread/INFO]: Bamboo Growth Modifier: 100%
[19:50:38] [Server thread/INFO]: SweetBerry Growth Modifier: 100%
[19:50:38] [Server thread/INFO]: Kelp Growth Modifier: 100%
[19:50:38] [Server thread/INFO]: TwistingVines Growth Modifier: 100%
[19:50:38] [Server thread/INFO]: WeepingVines Growth Modifier: 100%
[19:50:38] [Server thread/INFO]: CaveVines Growth Modifier: 100%
[19:50:38] [Server thread/INFO]: Entity Activation Range: An 32 / Mo 32 / Ra 48 / Mi 16 / Tiv true / Isa false
[19:50:38] [Server thread/INFO]: Entity Tracking Range: Pl 48 / An 48 / Mo 48 / Mi 32 / Di 128 / Other 64
[19:50:38] [Server thread/INFO]: Hopper Transfer: 8 Hopper Check: 1 Hopper Amount: 1 Hopper Can Load Chunks: false
[19:50:38] [Server thread/INFO]: Custom Map Seeds:  Village: 10387312 Desert: 14357617 Igloo: 14357618 Jungle: 14357619 Swamp: 14357620 Monument: 10387313 Ocean: 14357621 Shipwreck: 165745295 End City: 10387313 Slime: 987234911 Nether: 30084232 Mansion: 10387319 Fossil: 14357921 Portal: 34222645
[19:50:38] [Server thread/INFO]: Tile Max Tick Time: 50ms Entity max Tick Time: 50ms
[19:50:38] [Server thread/INFO]: Max TNT Explosions: 100
[19:50:38] [Server thread/INFO]: Zombie Aggressive Towards Villager: true
[19:50:38] [Server thread/INFO]: Arrow Despawn Rate: 1200 Trident Respawn Rate:1200
[19:50:38] [Server thread/INFO]: Nerfing mobs spawned from spawners: false
[19:50:39] [Server thread/INFO]: -------- World Settings For [world_the_end] --------
[19:50:39] [Server thread/INFO]: Item Despawn Rate: 6000
[19:50:39] [Server thread/INFO]: Item Merge Radius: 2.5
[19:50:39] [Server thread/INFO]: View Distance: 16
[19:50:39] [Server thread/INFO]: Simulation Distance: 10
[19:50:39] [Server thread/INFO]: Allow Zombie Pigmen to spawn from portal blocks: true
[19:50:39] [Server thread/INFO]: Experience Merge Radius: 3.0
[19:50:39] [Server thread/INFO]: Mob Spawn Range: 6
[19:50:39] [Server thread/INFO]: Cactus Growth Modifier: 100%
[19:50:39] [Server thread/INFO]: Cane Growth Modifier: 100%
[19:50:39] [Server thread/INFO]: Melon Growth Modifier: 100%
[19:50:39] [Server thread/INFO]: Mushroom Growth Modifier: 100%
[19:50:39] [Server thread/INFO]: Pumpkin Growth Modifier: 100%
[19:50:39] [Server thread/INFO]: Sapling Growth Modifier: 100%
[19:50:39] [Server thread/INFO]: Beetroot Growth Modifier: 100%
[19:50:39] [Server thread/INFO]: Carrot Growth Modifier: 100%
[19:50:39] [Server thread/INFO]: Potato Growth Modifier: 100%
[19:50:39] [Server thread/INFO]: Wheat Growth Modifier: 100%
[19:50:39] [Server thread/INFO]: NetherWart Growth Modifier: 100%
[19:50:39] [Server thread/INFO]: Vine Growth Modifier: 100%
[19:50:39] [Server thread/INFO]: Cocoa Growth Modifier: 100%
[19:50:39] [Server thread/INFO]: Bamboo Growth Modifier: 100%
[19:50:39] [Server thread/INFO]: SweetBerry Growth Modifier: 100%
[19:50:39] [Server thread/INFO]: Kelp Growth Modifier: 100%
[19:50:39] [Server thread/INFO]: TwistingVines Growth Modifier: 100%
[19:50:39] [Server thread/INFO]: WeepingVines Growth Modifier: 100%
[19:50:39] [Server thread/INFO]: CaveVines Growth Modifier: 100%
[19:50:39] [Server thread/INFO]: Entity Activation Range: An 32 / Mo 32 / Ra 48 / Mi 16 / Tiv true / Isa false
[19:50:39] [Server thread/INFO]: Entity Tracking Range: Pl 48 / An 48 / Mo 48 / Mi 32 / Di 128 / Other 64
[19:50:39] [Server thread/INFO]: Hopper Transfer: 8 Hopper Check: 1 Hopper Amount: 1 Hopper Can Load Chunks: false
[19:50:39] [Server thread/INFO]: Custom Map Seeds:  Village: 10387312 Desert: 14357617 Igloo: 14357618 Jungle: 14357619 Swamp: 14357620 Monument: 10387313 Ocean: 14357621 Shipwreck: 165745295 End City: 10387313 Slime: 987234911 Nether: 30084232 Mansion: 10387319 Fossil: 14357921 Portal: 34222645
[19:50:39] [Server thread/INFO]: Tile Max Tick Time: 50ms Entity max Tick Time: 50ms
[19:50:39] [Server thread/INFO]: Max TNT Explosions: 100
[19:50:39] [Server thread/INFO]: Zombie Aggressive Towards Villager: true
[19:50:39] [Server thread/INFO]: Arrow Despawn Rate: 1200 Trident Respawn Rate:1200
[19:50:39] [Server thread/INFO]: Nerfing mobs spawned from spawners: false
[19:50:39] [Server thread/INFO]: Preparing start region for dimension minecraft:overworld
[19:50:42] [Worker-Main-2/INFO]: Preparing spawn area: 0%
[19:50:42] [Worker-Main-2/INFO]: Preparing spawn area: 0%
[19:50:42] [Worker-Main-2/INFO]: Preparing spawn area: 0%
[19:50:42] [Worker-Main-6/INFO]: Preparing spawn area: 0%
[19:50:42] [Worker-Main-6/INFO]: Preparing spawn area: 0%
[19:50:42] [Worker-Main-6/INFO]: Preparing spawn area: 0%
[19:50:42] [Worker-Main-7/INFO]: Preparing spawn area: 16%
[19:50:43] [Server thread/INFO]: Time elapsed: 3456 ms
[19:50:43] [Server thread/INFO]: Preparing start region for dimension minecraft:the_nether
[19:50:45] [Worker-Main-3/INFO]: Preparing spawn area: 0%
[19:50:45] [Worker-Main-7/INFO]: Preparing spawn area: 0%
[19:50:45] [Worker-Main-6/INFO]: Preparing spawn area: 0%
[19:50:45] [Worker-Main-1/INFO]: Preparing spawn area: 0%
[19:50:45] [Worker-Main-6/INFO]: Preparing spawn area: 0%
[19:50:45] [Worker-Main-5/INFO]: Preparing spawn area: 32%
[19:50:46] [Server thread/INFO]: Time elapsed: 2717 ms
[19:50:46] [Server thread/INFO]: Preparing start region for dimension minecraft:the_end
[19:50:47] [Worker-Main-2/INFO]: Preparing spawn area: 0%
[19:50:47] [Worker-Main-3/INFO]: Preparing spawn area: 0%
[19:50:47] [Worker-Main-5/INFO]: Preparing spawn area: 0%
[19:50:47] [Worker-Main-4/INFO]: Preparing spawn area: 0%
[19:50:47] [Server thread/INFO]: Time elapsed: 1873 ms
[19:50:48] [Server thread/INFO]: Server permissions file permissions.yml is empty, ignoring it
[19:50:48] [Server thread/INFO]: Done (9.474s)! For help, type "help"
[19:53:10] [User Authenticator #1/INFO]: UUID of player DelKez is 22ab9f99-9de4-41e2-b63f-f265d26459c6
[19:53:10] [Server thread/INFO]: DelKez joined the game
[19:53:10] [Server thread/INFO]: DelKez[/192.168.1.66:61648] logged in with entity id 209 at ([world]-49.5, 71.0, 56.5)
[19:53:57] [Server thread/INFO]: DelKez lost connection: Disconnected
[19:53:58] [Server thread/INFO]: DelKez left the game
[19:54:06] [Server thread/INFO]: Stopping the server
[19:54:06] [Server thread/INFO]: Stopping server
[19:54:06] [Server thread/INFO]: Saving players
[19:54:06] [Server thread/INFO]: Saving worlds
[19:54:08] [Server thread/INFO]: Saving chunks for level 'ServerLevel[world]'/minecraft:overworld
[19:54:08] [Server thread/INFO]: Saving chunks for level 'ServerLevel[world_nether]'/minecraft:the_nether
[19:54:08] [Server thread/INFO]: Saving chunks for level 'ServerLevel[world_the_end]'/minecraft:the_end
[19:54:08] [Server thread/INFO]: ThreadedAnvilChunkStorage (world): All chunks are saved
[19:54:08] [Server thread/INFO]: ThreadedAnvilChunkStorage (DIM-1): All chunks are saved
[19:54:08] [Server thread/INFO]: ThreadedAnvilChunkStorage (DIM1): All chunks are saved
[19:54:08] [Server thread/INFO]: ThreadedAnvilChunkStorage: All dimensions are saved
